<?xml version="1.0" encoding="UTF-8"?>
<testng-results ignored="0" total="1" passed="1" failed="0" skipped="0">
  <reporter-output>
  </reporter-output>
  <suite started-at="2024-05-30T10:55:16 IST" name="Default suite" finished-at="2024-05-30T10:56:20 IST" duration-ms="64337">
    <groups>
    </groups>
    <test started-at="2024-05-30T10:55:16 IST" name="Default test" finished-at="2024-05-30T10:56:20 IST" duration-ms="64337">
      <class name="Scenario.KayakTest">
        <test-method is-config="true" signature="launchBrowser()[pri:0, instance:Scenario.KayakTest@f78a47e]" started-at="2024-05-30T10:55:16 IST" name="launchBrowser" finished-at="2024-05-30T10:55:22 IST" duration-ms="5582" status="PASS">
          <reporter-output>
          </reporter-output>
        </test-method> <!-- launchBrowser -->
        <test-method signature="script()[pri:0, instance:Scenario.KayakTest@f78a47e]" started-at="2024-05-30T10:55:22 IST" name="script" finished-at="2024-05-30T10:56:20 IST" duration-ms="58691" status="PASS">
          <reporter-output>
          </reporter-output>
        </test-method> <!-- script -->
      </class> <!-- Scenario.KayakTest -->
    </test> <!-- Default test -->
  </suite> <!-- Default suite -->
</testng-results>
